# JRE version: OpenJDK Runtime Environment (8.0_76-b03) (build 1.8.0_76-release-b03)
# Java VM: OpenJDK 64-Bit Server VM (25.76-b03 mixed mode linux-amd64 compressed oops)
Heap:
 PSYoungGen      total 210432K, used 13974K [0x00000000e0000000, 0x00000000ede00000, 0x0000000100000000)
  eden space 197632K, 7% used [0x00000000e0000000,0x00000000e0da5b88,0x00000000ec100000)
  from space 12800K, 0% used [0x00000000ed180000,0x00000000ed180000,0x00000000ede00000)
  to   space 14848K, 0% used [0x00000000ec100000,0x00000000ec100000,0x00000000ecf80000)
 ParOldGen       total 92160K, used 19244K [0x00000000a0000000, 0x00000000a5a00000, 0x00000000e0000000)
  object space 92160K, 20% used [0x00000000a0000000,0x00000000a12cb398,0x00000000a5a00000)
 Metaspace       used 35143K, capacity 35768K, committed 36224K, reserved 1081344K
  class space    used 4700K, capacity 4893K, committed 4992K, reserved 1048576K
GC Heap History (10 events):
Event: 2.575 GC heap before
{Heap before GC invocations=4 (full 0):
 PSYoungGen      total 67584K, used 11088K [0x00000000e0000000, 0x00000000e8400000, 0x0000000100000000)
  eden space 62464K, 9% used [0x00000000e0000000,0x00000000e05d8058,0x00000000e3d00000)
  from space 5120K, 99% used [0x00000000e3d00000,0x00000000e41fc030,0x00000000e4200000)
  to   space 5120K, 0% used [0x00000000e7f00000,0x00000000e7f00000,0x00000000e8400000)
 ParOldGen       total 83456K, used 8956K [0x00000000a0000000, 0x00000000a5180000, 0x00000000e0000000)
  object space 83456K, 10% used [0x00000000a0000000,0x00000000a08bf120,0x00000000a5180000)
 Metaspace       used 20929K, capacity 21226K, committed 21296K, reserved 1067008K
  class space    used 2788K, capacity 2911K, committed 2944K, reserved 1048576K
Event: 2.588 GC heap after
Heap after GC invocations=4 (full 0):
 PSYoungGen      total 130048K, used 5088K [0x00000000e0000000, 0x00000000e8400000, 0x0000000100000000)
  eden space 124928K, 0% used [0x00000000e0000000,0x00000000e0000000,0x00000000e7a00000)
  from space 5120K, 99% used [0x00000000e7f00000,0x00000000e83f8040,0x00000000e8400000)
  to   space 5120K, 0% used [0x00000000e7a00000,0x00000000e7a00000,0x00000000e7f00000)
 ParOldGen       total 83456K, used 9529K [0x00000000a0000000, 0x00000000a5180000, 0x00000000e0000000)
  object space 83456K, 11% used [0x00000000a0000000,0x00000000a094e428,0x00000000a5180000)
 Metaspace       used 20929K, capacity 21226K, committed 21296K, reserved 1067008K
  class space    used 2788K, capacity 2911K, committed 2944K, reserved 1048576K
}
Event: 2.588 GC heap before
{Heap before GC invocations=5 (full 1):
 PSYoungGen      total 130048K, used 5088K [0x00000000e0000000, 0x00000000e8400000, 0x0000000100000000)
  eden space 124928K, 0% used [0x00000000e0000000,0x00000000e0000000,0x00000000e7a00000)
  from space 5120K, 99% used [0x00000000e7f00000,0x00000000e83f8040,0x00000000e8400000)
  to   space 5120K, 0% used [0x00000000e7a00000,0x00000000e7a00000,0x00000000e7f00000)
 ParOldGen       total 83456K, used 9529K [0x00000000a0000000, 0x00000000a5180000, 0x00000000e0000000)
  object space 83456K, 11% used [0x00000000a0000000,0x00000000a094e428,0x00000000a5180000)
 Metaspace       used 20929K, capacity 21226K, committed 21296K, reserved 1067008K
  class space    used 2788K, capacity 2911K, committed 2944K, reserved 1048576K
Event: 2.654 GC heap after
Heap after GC invocations=5 (full 1):
 PSYoungGen      total 130048K, used 0K [0x00000000e0000000, 0x00000000e8400000, 0x0000000100000000)
  eden space 124928K, 0% used [0x00000000e0000000,0x00000000e0000000,0x00000000e7a00000)
  from space 5120K, 0% used [0x00000000e7f00000,0x00000000e7f00000,0x00000000e8400000)
  to   space 5120K, 0% used [0x00000000e7a00000,0x00000000e7a00000,0x00000000e7f00000)
 ParOldGen       total 63488K, used 13269K [0x00000000a0000000, 0x00000000a3e00000, 0x00000000e0000000)
  object space 63488K, 20% used [0x00000000a0000000,0x00000000a0cf5510,0x00000000a3e00000)
 Metaspace       used 20929K, capacity 21226K, committed 21296K, reserved 1067008K
  class space    used 2788K, capacity 2911K, committed 2944K, reserved 1048576K
}
Event: 3.985 GC heap before
{Heap before GC invocations=6 (full 1):
 PSYoungGen      total 130048K, used 124928K [0x00000000e0000000, 0x00000000e8400000, 0x0000000100000000)
  eden space 124928K, 100% used [0x00000000e0000000,0x00000000e7a00000,0x00000000e7a00000)
  from space 5120K, 0% used [0x00000000e7f00000,0x00000000e7f00000,0x00000000e8400000)
  to   space 5120K, 0% used [0x00000000e7a00000,0x00000000e7a00000,0x00000000e7f00000)
 ParOldGen       total 63488K, used 13269K [0x00000000a0000000, 0x00000000a3e00000, 0x00000000e0000000)
  object space 63488K, 20% used [0x00000000a0000000,0x00000000a0cf5510,0x00000000a3e00000)
 Metaspace       used 27527K, capacity 27990K, committed 28288K, reserved 1073152K
  class space    used 3746K, capacity 3877K, committed 3968K, reserved 1048576K
Event: 3.996 GC heap after
Heap after GC invocations=6 (full 1):
 PSYoungGen      total 130048K, used 5090K [0x00000000e0000000, 0x00000000ede00000, 0x0000000100000000)
  eden space 124928K, 0% used [0x00000000e0000000,0x00000000e0000000,0x00000000e7a00000)
  from space 5120K, 99% used [0x00000000e7a00000,0x00000000e7ef8aa0,0x00000000e7f00000)
  to   space 12800K, 0% used [0x00000000ed180000,0x00000000ed180000,0x00000000ede00000)
 ParOldGen       total 63488K, used 16532K [0x00000000a0000000, 0x00000000a3e00000, 0x00000000e0000000)
  object space 63488K, 26% used [0x00000000a0000000,0x00000000a10250f0,0x00000000a3e00000)
 Metaspace       used 27527K, capacity 27990K, committed 28288K, reserved 1073152K
  class space    used 3746K, capacity 3877K, committed 3968K, reserved 1048576K
}
Event: 5.040 GC heap before
{Heap before GC invocations=7 (full 1):
 PSYoungGen      total 130048K, used 109492K [0x00000000e0000000, 0x00000000ede00000, 0x0000000100000000)
  eden space 124928K, 83% used [0x00000000e0000000,0x00000000e65f46c8,0x00000000e7a00000)
  from space 5120K, 99% used [0x00000000e7a00000,0x00000000e7ef8aa0,0x00000000e7f00000)
  to   space 12800K, 0% used [0x00000000ed180000,0x00000000ed180000,0x00000000ede00000)
 ParOldGen       total 63488K, used 16532K [0x00000000a0000000, 0x00000000a3e00000, 0x00000000e0000000)
  object space 63488K, 26% used [0x00000000a0000000,0x00000000a10250f0,0x00000000a3e00000)
 Metaspace       used 34641K, capacity 35256K, committed 35496K, reserved 1079296K
  class space    used 4644K, capacity 4829K, committed 4864K, reserved 1048576K
Event: 5.061 GC heap after
Heap after GC invocations=7 (full 1):
 PSYoungGen      total 210432K, used 12085K [0x00000000e0000000, 0x00000000ede00000, 0x0000000100000000)
  eden space 197632K, 0% used [0x00000000e0000000,0x00000000e0000000,0x00000000ec100000)
  from space 12800K, 94% used [0x00000000ed180000,0x00000000edd4d780,0x00000000ede00000)
  to   space 14848K, 0% used [0x00000000ec100000,0x00000000ec100000,0x00000000ecf80000)
 ParOldGen       total 63488K, used 16540K [0x00000000a0000000, 0x00000000a3e00000, 0x00000000e0000000)
  object space 63488K, 26% used [0x00000000a0000000,0x00000000a10270f0,0x00000000a3e00000)
 Metaspace       used 34641K, capacity 35256K, committed 35496K, reserved 1079296K
  class space    used 4644K, capacity 4829K, committed 4864K, reserved 1048576K
}
Event: 5.061 GC heap before
{Heap before GC invocations=8 (full 2):
 PSYoungGen      total 210432K, used 12085K [0x00000000e0000000, 0x00000000ede00000, 0x0000000100000000)
  eden space 197632K, 0% used [0x00000000e0000000,0x00000000e0000000,0x00000000ec100000)
  from space 12800K, 94% used [0x00000000ed180000,0x00000000edd4d780,0x00000000ede00000)
  to   space 14848K, 0% used [0x00000000ec100000,0x00000000ec100000,0x00000000ecf80000)
 ParOldGen       total 63488K, used 16540K [0x00000000a0000000, 0x00000000a3e00000, 0x00000000e0000000)
  object space 63488K, 26% used [0x00000000a0000000,0x00000000a10270f0,0x00000000a3e00000)
 Metaspace       used 34641K, capacity 35256K, committed 35496K, reserved 1079296K
  class space    used 4644K, capacity 4829K, committed 4864K, reserved 1048576K
Event: 5.211 GC heap after
Heap after GC invocations=8 (full 2):
 PSYoungGen      total 210432K, used 0K [0x00000000e0000000, 0x00000000ede00000, 0x0000000100000000)
  eden space 197632K, 0% used [0x00000000e0000000,0x00000000e0000000,0x00000000ec100000)
  from space 12800K, 0% used [0x00000000ed180000,0x00000000ed180000,0x00000000ede00000)
  to   space 14848K, 0% used [0x00000000ec100000,0x00000000ec100000,0x00000000ecf80000)
 ParOldGen       total 92160K, used 19244K [0x00000000a0000000, 0x00000000a5a00000, 0x00000000e0000000)
  object space 92160K, 20% used [0x00000000a0000000,0x00000000a12cb398,0x00000000a5a00000)
 Metaspace       used 34641K, capacity 35256K, committed 35496K, reserved 1079296K
  class space    used 4644K, capacity 4829K, committed 4864K, reserved 1048576K
}

