# JRE version: OpenJDK Runtime Environment (8.0_76-b03) (build 1.8.0_76-release-b03)
# Java VM: OpenJDK 64-Bit Server VM (25.76-b03 mixed mode linux-amd64 compressed oops)
Heap:
 PSYoungGen      total 192000K, used 49236K [0x00000000e0000000, 0x00000000ed680000, 0x0000000100000000)
  eden space 172544K, 28% used [0x00000000e0000000,0x00000000e3015050,0x00000000ea880000)
  from space 19456K, 0% used [0x00000000ebd00000,0x00000000ebd00000,0x00000000ed000000)
  to   space 20992K, 0% used [0x00000000ea880000,0x00000000ea880000,0x00000000ebd00000)
 ParOldGen       total 144384K, used 34039K [0x00000000a0000000, 0x00000000a8d00000, 0x00000000e0000000)
  object space 144384K, 23% used [0x00000000a0000000,0x00000000a213dc08,0x00000000a8d00000)
 Metaspace       used 60785K, capacity 62345K, committed 62616K, reserved 1103872K
  class space    used 7939K, capacity 8277K, committed 8344K, reserved 1048576K
GC Heap History (10 events):
Event: 6.782 GC heap before
{Heap before GC invocations=11 (full 2):
 PSYoungGen      total 131584K, used 121344K [0x00000000e0000000, 0x00000000eb780000, 0x0000000100000000)
  eden space 121344K, 100% used [0x00000000e0000000,0x00000000e7680000,0x00000000e7680000)
  from space 10240K, 0% used [0x00000000e8200000,0x00000000e8200000,0x00000000e8c00000)
  to   space 11776K, 0% used [0x00000000e7680000,0x00000000e7680000,0x00000000e8200000)
 ParOldGen       total 98304K, used 18005K [0x00000000a0000000, 0x00000000a6000000, 0x00000000e0000000)
  object space 98304K, 18% used [0x00000000a0000000,0x00000000a11954c0,0x00000000a6000000)
 Metaspace       used 41264K, capacity 42058K, committed 42368K, reserved 1085440K
  class space    used 5489K, capacity 5681K, committed 5760K, reserved 1048576K
Event: 6.791 GC heap after
Heap after GC invocations=11 (full 2):
 PSYoungGen      total 133120K, used 9098K [0x00000000e0000000, 0x00000000ea900000, 0x0000000100000000)
  eden space 121344K, 0% used [0x00000000e0000000,0x00000000e0000000,0x00000000e7680000)
  from space 11776K, 77% used [0x00000000e7680000,0x00000000e7f629b8,0x00000000e8200000)
  to   space 12288K, 0% used [0x00000000e9d00000,0x00000000e9d00000,0x00000000ea900000)
 ParOldGen       total 98304K, used 18013K [0x00000000a0000000, 0x00000000a6000000, 0x00000000e0000000)
  object space 98304K, 18% used [0x00000000a0000000,0x00000000a11974c0,0x00000000a6000000)
 Metaspace       used 41264K, capacity 42058K, committed 42368K, reserved 1085440K
  class space    used 5489K, capacity 5681K, committed 5760K, reserved 1048576K
}
Event: 7.773 GC heap before
{Heap before GC invocations=12 (full 2):
 PSYoungGen      total 133120K, used 130442K [0x00000000e0000000, 0x00000000ea900000, 0x0000000100000000)
  eden space 121344K, 100% used [0x00000000e0000000,0x00000000e7680000,0x00000000e7680000)
  from space 11776K, 77% used [0x00000000e7680000,0x00000000e7f629b8,0x00000000e8200000)
  to   space 12288K, 0% used [0x00000000e9d00000,0x00000000e9d00000,0x00000000ea900000)
 ParOldGen       total 98304K, used 18013K [0x00000000a0000000, 0x00000000a6000000, 0x00000000e0000000)
  object space 98304K, 18% used [0x00000000a0000000,0x00000000a11974c0,0x00000000a6000000)
 Metaspace       used 48636K, capacity 50000K, committed 50176K, reserved 1093632K
  class space    used 6543K, capacity 6870K, committed 6912K, reserved 1048576K
Event: 7.796 GC heap after
Heap after GC invocations=12 (full 2):
 PSYoungGen      total 157696K, used 12256K [0x00000000e0000000, 0x00000000ead80000, 0x0000000100000000)
  eden space 145408K, 0% used [0x00000000e0000000,0x00000000e0000000,0x00000000e8e00000)
  from space 12288K, 99% used [0x00000000e9d00000,0x00000000ea8f8020,0x00000000ea900000)
  to   space 15360K, 0% used [0x00000000e8e00000,0x00000000e8e00000,0x00000000e9d00000)
 ParOldGen       total 98304K, used 23377K [0x00000000a0000000, 0x00000000a6000000, 0x00000000e0000000)
  object space 98304K, 23% used [0x00000000a0000000,0x00000000a16d4728,0x00000000a6000000)
 Metaspace       used 48636K, capacity 50000K, committed 50176K, reserved 1093632K
  class space    used 6543K, capacity 6870K, committed 6912K, reserved 1048576K
}
Event: 9.242 GC heap before
{Heap before GC invocations=13 (full 2):
 PSYoungGen      total 157696K, used 157664K [0x00000000e0000000, 0x00000000ead80000, 0x0000000100000000)
  eden space 145408K, 100% used [0x00000000e0000000,0x00000000e8e00000,0x00000000e8e00000)
  from space 12288K, 99% used [0x00000000e9d00000,0x00000000ea8f8020,0x00000000ea900000)
  to   space 15360K, 0% used [0x00000000e8e00000,0x00000000e8e00000,0x00000000e9d00000)
 ParOldGen       total 98304K, used 23377K [0x00000000a0000000, 0x00000000a6000000, 0x00000000e0000000)
  object space 98304K, 23% used [0x00000000a0000000,0x00000000a16d4728,0x00000000a6000000)
 Metaspace       used 56373K, capacity 57678K, committed 57728K, reserved 1099776K
  class space    used 7444K, capacity 7759K, committed 7808K, reserved 1048576K
Event: 9.274 GC heap after
Heap after GC invocations=13 (full 2):
 PSYoungGen      total 160768K, used 15338K [0x00000000e0000000, 0x00000000ed000000, 0x0000000100000000)
  eden space 145408K, 0% used [0x00000000e0000000,0x00000000e0000000,0x00000000e8e00000)
  from space 15360K, 99% used [0x00000000e8e00000,0x00000000e9cfab80,0x00000000e9d00000)
  to   space 19456K, 0% used [0x00000000ebd00000,0x00000000ebd00000,0x00000000ed000000)
 ParOldGen       total 98304K, used 28452K [0x00000000a0000000, 0x00000000a6000000, 0x00000000e0000000)
  object space 98304K, 28% used [0x00000000a0000000,0x00000000a1bc92a0,0x00000000a6000000)
 Metaspace       used 56373K, capacity 57678K, committed 57728K, reserved 1099776K
  class space    used 7444K, capacity 7759K, committed 7808K, reserved 1048576K
}
Event: 9.619 GC heap before
{Heap before GC invocations=14 (full 2):
 PSYoungGen      total 160768K, used 91324K [0x00000000e0000000, 0x00000000ed000000, 0x0000000100000000)
  eden space 145408K, 52% used [0x00000000e0000000,0x00000000e4a34628,0x00000000e8e00000)
  from space 15360K, 99% used [0x00000000e8e00000,0x00000000e9cfab80,0x00000000e9d00000)
  to   space 19456K, 0% used [0x00000000ebd00000,0x00000000ebd00000,0x00000000ed000000)
 ParOldGen       total 98304K, used 28452K [0x00000000a0000000, 0x00000000a6000000, 0x00000000e0000000)
  object space 98304K, 28% used [0x00000000a0000000,0x00000000a1bc92a0,0x00000000a6000000)
 Metaspace       used 57593K, capacity 59141K, committed 59160K, reserved 1099776K
  class space    used 7602K, capacity 7941K, committed 7960K, reserved 1048576K
Event: 9.638 GC heap after
Heap after GC invocations=14 (full 2):
 PSYoungGen      total 192000K, used 16573K [0x00000000e0000000, 0x00000000ed680000, 0x0000000100000000)
  eden space 172544K, 0% used [0x00000000e0000000,0x00000000e0000000,0x00000000ea880000)
  from space 19456K, 85% used [0x00000000ebd00000,0x00000000ecd2f600,0x00000000ed000000)
  to   space 20992K, 0% used [0x00000000ea880000,0x00000000ea880000,0x00000000ebd00000)
 ParOldGen       total 98304K, used 28460K [0x00000000a0000000, 0x00000000a6000000, 0x00000000e0000000)
  object space 98304K, 28% used [0x00000000a0000000,0x00000000a1bcb2a0,0x00000000a6000000)
 Metaspace       used 57593K, capacity 59141K, committed 59160K, reserved 1099776K
  class space    used 7602K, capacity 7941K, committed 7960K, reserved 1048576K
}
Event: 9.638 GC heap before
{Heap before GC invocations=15 (full 3):
 PSYoungGen      total 192000K, used 16573K [0x00000000e0000000, 0x00000000ed680000, 0x0000000100000000)
  eden space 172544K, 0% used [0x00000000e0000000,0x00000000e0000000,0x00000000ea880000)
  from space 19456K, 85% used [0x00000000ebd00000,0x00000000ecd2f600,0x00000000ed000000)
  to   space 20992K, 0% used [0x00000000ea880000,0x00000000ea880000,0x00000000ebd00000)
 ParOldGen       total 98304K, used 28460K [0x00000000a0000000, 0x00000000a6000000, 0x00000000e0000000)
  object space 98304K, 28% used [0x00000000a0000000,0x00000000a1bcb2a0,0x00000000a6000000)
 Metaspace       used 57593K, capacity 59141K, committed 59160K, reserved 1099776K
  class space    used 7602K, capacity 7941K, committed 7960K, reserved 1048576K
Event: 9.803 GC heap after
Heap after GC invocations=15 (full 3):
 PSYoungGen      total 192000K, used 0K [0x00000000e0000000, 0x00000000ed680000, 0x0000000100000000)
  eden space 172544K, 0% used [0x00000000e0000000,0x00000000e0000000,0x00000000ea880000)
  from space 19456K, 0% used [0x00000000ebd00000,0x00000000ebd00000,0x00000000ed000000)
  to   space 20992K, 0% used [0x00000000ea880000,0x00000000ea880000,0x00000000ebd00000)
 ParOldGen       total 144384K, used 34039K [0x00000000a0000000, 0x00000000a8d00000, 0x00000000e0000000)
  object space 144384K, 23% used [0x00000000a0000000,0x00000000a213dc08,0x00000000a8d00000)
 Metaspace       used 57588K, capacity 59127K, committed 59160K, reserved 1099776K
  class space    used 7601K, capacity 7938K, committed 7960K, reserved 1048576K
}

